<?xml version="1.0" encoding="UTF-8"?>
<testng-results ignored="0" total="1" passed="1" failed="0" skipped="0">
  <reporter-output>
  </reporter-output>
  <suite started-at="2023-09-10T20:04:15 IST" name="Default suite" finished-at="2023-09-10T20:05:09 IST" duration-ms="53906">
    <groups>
    </groups>
    <test started-at="2023-09-10T20:04:15 IST" name="Default test" finished-at="2023-09-10T20:05:09 IST" duration-ms="53906">
      <class name="e_commerce.TestCasePage_Test">
        <test-method is-config="true" signature="initBrowser()[pri:0, instance:e_commerce.TestCasePage_Test@74f0ea28]" started-at="2023-09-10T20:04:15 IST" name="initBrowser" finished-at="2023-09-10T20:05:05 IST" duration-ms="50590" status="PASS">
          <reporter-output>
          </reporter-output>
        </test-method> <!-- initBrowser -->
        <test-method signature="testCasePage_Test()[pri:0, instance:e_commerce.TestCasePage_Test@74f0ea28]" started-at="2023-09-10T20:05:05 IST" name="testCasePage_Test" finished-at="2023-09-10T20:05:09 IST" duration-ms="3253" status="PASS">
          <reporter-output>
          </reporter-output>
        </test-method> <!-- testCasePage_Test -->
      </class> <!-- e_commerce.TestCasePage_Test -->
    </test> <!-- Default test -->
  </suite> <!-- Default suite -->
</testng-results>
